<?xml version="1.0" encoding="UTF-8"?>
<!-- Generated by org.testng.reporters.JUnitXMLReporter -->
<testsuite ignored="0" hostname="LAPTOP-Q01D263N" failures="0" tests="3" name="Default test" time="1.866" errors="0" timestamp="٢٠٢٥-٠٤-٢٠T١٥:١٠:١٥ EET">
  <testcase classname="lession2.testclass" name="Login" time="0.429"/>
  <testcase classname="lession2.testclass" name="addrandomitem" time="0.1"/>
  <testcase classname="lession2.testclass" name="TestList" time="0.122"/>
</testsuite> <!-- Default test -->
